{"meta": {"format": 3, "version": "7.8.0", "timestamp": "2025-05-08T22:14:47.383468", "branch_coverage": false, "show_contexts": false}, "files": {"app/__init__.py": {"executed_lines": [1], "summary": {"covered_lines": 0, "num_statements": 0, "percent_covered": 100.0, "percent_covered_display": "100", "missing_lines": 0, "excluded_lines": 0}, "missing_lines": [], "excluded_lines": [], "functions": {"": {"executed_lines": [1], "summary": {"covered_lines": 0, "num_statements": 0, "percent_covered": 100.0, "percent_covered_display": "100", "missing_lines": 0, "excluded_lines": 0}, "missing_lines": [], "excluded_lines": []}}, "classes": {"": {"executed_lines": [1], "summary": {"covered_lines": 0, "num_statements": 0, "percent_covered": 100.0, "percent_covered_display": "100", "missing_lines": 0, "excluded_lines": 0}, "missing_lines": [], "excluded_lines": []}}}, "app/application/__init__.py": {"executed_lines": [1], "summary": {"covered_lines": 0, "num_statements": 0, "percent_covered": 100.0, "percent_covered_display": "100", "missing_lines": 0, "excluded_lines": 0}, "missing_lines": [], "excluded_lines": [], "functions": {"": {"executed_lines": [1], "summary": {"covered_lines": 0, "num_statements": 0, "percent_covered": 100.0, "percent_covered_display": "100", "missing_lines": 0, "excluded_lines": 0}, "missing_lines": [], "excluded_lines": []}}, "classes": {"": {"executed_lines": [1], "summary": {"covered_lines": 0, "num_statements": 0, "percent_covered": 100.0, "percent_covered_display": "100", "missing_lines": 0, "excluded_lines": 0}, "missing_lines": [], "excluded_lines": []}}}, "app/application/services/__init__.py": {"executed_lines": [1], "summary": {"covered_lines": 0, "num_statements": 0, "percent_covered": 100.0, "percent_covered_display": "100", "missing_lines": 0, "excluded_lines": 0}, "missing_lines": [], "excluded_lines": [], "functions": {"": {"executed_lines": [1], "summary": {"covered_lines": 0, "num_statements": 0, "percent_covered": 100.0, "percent_covered_display": "100", "missing_lines": 0, "excluded_lines": 0}, "missing_lines": [], "excluded_lines": []}}, "classes": {"": {"executed_lines": [1], "summary": {"covered_lines": 0, "num_statements": 0, "percent_covered": 100.0, "percent_covered_display": "100", "missing_lines": 0, "excluded_lines": 0}, "missing_lines": [], "excluded_lines": []}}}, "app/application/services/bulk_operations_service.py": {"executed_lines": [1, 5, 7, 10, 11, 17, 24, 26, 45, 46, 47, 49, 50, 51, 54, 57, 63, 70, 114, 158, 203, 248, 264, 265, 266, 268, 269, 270, 271, 274, 280], "summary": {"covered_lines": 29, "num_statements": 89, "percent_covered": 32.58426966292135, "percent_covered_display": "33", "missing_lines": 60, "excluded_lines": 0}, "missing_lines": [55, 58, 60, 61, 89, 90, 91, 93, 94, 95, 98, 99, 101, 102, 104, 105, 107, 133, 134, 135, 137, 138, 139, 142, 143, 145, 146, 148, 149, 151, 177, 178, 179, 181, 182, 184, 187, 188, 190, 191, 193, 194, 196, 222, 223, 224, 226, 227, 229, 232, 233, 235, 236, 238, 239, 241, 272, 275, 277, 278], "excluded_lines": [], "functions": {"BulkOperationsService.__init__": {"executed_lines": [24], "summary": {"covered_lines": 1, "num_statements": 1, "percent_covered": 100.0, "percent_covered_display": "100", "missing_lines": 0, "excluded_lines": 0}, "missing_lines": [], "excluded_lines": []}, "BulkOperationsService.bulk_update_status": {"executed_lines": [45, 46, 47, 49, 50, 51, 54, 57, 63], "summary": {"covered_lines": 9, "num_statements": 13, "percent_covered": 69.23076923076923, "percent_covered_display": "69", "missing_lines": 4, "excluded_lines": 0}, "missing_lines": [55, 58, 60, 61], "excluded_lines": []}, "BulkOperationsService.bulk_update_assignee": {"executed_lines": [], "summary": {"covered_lines": 0, "num_statements": 13, "percent_covered": 0.0, "percent_covered_display": "0", "missing_lines": 13, "excluded_lines": 0}, "missing_lines": [89, 90, 91, 93, 94, 95, 98, 99, 101, 102, 104, 105, 107], "excluded_lines": []}, "BulkOperationsService.bulk_update_priority": {"executed_lines": [], "summary": {"covered_lines": 0, "num_statements": 13, "percent_covered": 0.0, "percent_covered_display": "0", "missing_lines": 13, "excluded_lines": 0}, "missing_lines": [133, 134, 135, 137, 138, 139, 142, 143, 145, 146, 148, 149, 151], "excluded_lines": []}, "BulkOperationsService.bulk_update_milestone": {"executed_lines": [], "summary": {"covered_lines": 0, "num_statements": 13, "percent_covered": 0.0, "percent_covered_display": "0", "missing_lines": 13, "excluded_lines": 0}, "missing_lines": [177, 178, 179, 181, 182, 184, 187, 188, 190, 191, 193, 194, 196], "excluded_lines": []}, "BulkOperationsService.bulk_update_category": {"executed_lines": [], "summary": {"covered_lines": 0, "num_statements": 13, "percent_covered": 0.0, "percent_covered_display": "0", "missing_lines": 13, "excluded_lines": 0}, "missing_lines": [222, 223, 224, 226, 227, 229, 232, 233, 235, 236, 238, 239, 241], "excluded_lines": []}, "BulkOperationsService.bulk_delete_issues": {"executed_lines": [264, 265, 266, 268, 269, 270, 271, 274, 280], "summary": {"covered_lines": 9, "num_statements": 13, "percent_covered": 69.23076923076923, "percent_covered_display": "69", "missing_lines": 4, "excluded_lines": 0}, "missing_lines": [272, 275, 277, 278], "excluded_lines": []}, "": {"executed_lines": [1, 5, 7, 10, 11, 17, 26, 70, 114, 158, 203, 248], "summary": {"covered_lines": 10, "num_statements": 10, "percent_covered": 100.0, "percent_covered_display": "100", "missing_lines": 0, "excluded_lines": 0}, "missing_lines": [], "excluded_lines": []}}, "classes": {"BulkOperationsService": {"executed_lines": [24, 45, 46, 47, 49, 50, 51, 54, 57, 63, 264, 265, 266, 268, 269, 270, 271, 274, 280], "summary": {"covered_lines": 19, "num_statements": 79, "percent_covered": 24.050632911392405, "percent_covered_display": "24", "missing_lines": 60, "excluded_lines": 0}, "missing_lines": [55, 58, 60, 61, 89, 90, 91, 93, 94, 95, 98, 99, 101, 102, 104, 105, 107, 133, 134, 135, 137, 138, 139, 142, 143, 145, 146, 148, 149, 151, 177, 178, 179, 181, 182, 184, 187, 188, 190, 191, 193, 194, 196, 222, 223, 224, 226, 227, 229, 232, 233, 235, 236, 238, 239, 241, 272, 275, 277, 278], "excluded_lines": []}, "": {"executed_lines": [1, 5, 7, 10, 11, 17, 26, 70, 114, 158, 203, 248], "summary": {"covered_lines": 10, "num_statements": 10, "percent_covered": 100.0, "percent_covered_display": "100", "missing_lines": 0, "excluded_lines": 0}, "missing_lines": [], "excluded_lines": []}}}, "app/application/services/issue_service.py": {"executed_lines": [1, 5, 7, 10, 11, 17, 26, 65, 87, 167, 244, 268, 297, 326], "summary": {"covered_lines": 12, "num_statements": 69, "percent_covered": 17.391304347826086, "percent_covered_display": "17", "missing_lines": 57, "excluded_lines": 0}, "missing_lines": [24, 50, 51, 58, 59, 61, 63, 78, 79, 80, 81, 83, 85, 137, 138, 158, 159, 160, 161, 163, 165, 215, 216, 235, 236, 237, 238, 240, 242, 257, 258, 259, 260, 261, 262, 264, 266, 282, 283, 286, 287, 288, 289, 291, 293, 313, 314, 317, 318, 320, 322, 341, 342, 343, 344, 346, 348], "excluded_lines": [], "functions": {"IssueService.__init__": {"executed_lines": [], "summary": {"covered_lines": 0, "num_statements": 1, "percent_covered": 0.0, "percent_covered_display": "0", "missing_lines": 1, "excluded_lines": 0}, "missing_lines": [24], "excluded_lines": []}, "IssueService.get_issues": {"executed_lines": [], "summary": {"covered_lines": 0, "num_statements": 6, "percent_covered": 0.0, "percent_covered_display": "0", "missing_lines": 6, "excluded_lines": 0}, "missing_lines": [50, 51, 58, 59, 61, 63], "excluded_lines": []}, "IssueService.get_issue": {"executed_lines": [], "summary": {"covered_lines": 0, "num_statements": 6, "percent_covered": 0.0, "percent_covered_display": "0", "missing_lines": 6, "excluded_lines": 0}, "missing_lines": [78, 79, 80, 81, 83, 85], "excluded_lines": []}, "IssueService.create_issue": {"executed_lines": [], "summary": {"covered_lines": 0, "num_statements": 8, "percent_covered": 0.0, "percent_covered_display": "0", "missing_lines": 8, "excluded_lines": 0}, "missing_lines": [137, 138, 158, 159, 160, 161, 163, 165], "excluded_lines": []}, "IssueService.update_issue": {"executed_lines": [], "summary": {"covered_lines": 0, "num_statements": 8, "percent_covered": 0.0, "percent_covered_display": "0", "missing_lines": 8, "excluded_lines": 0}, "missing_lines": [215, 216, 235, 236, 237, 238, 240, 242], "excluded_lines": []}, "IssueService.delete_issue": {"executed_lines": [], "summary": {"covered_lines": 0, "num_statements": 8, "percent_covered": 0.0, "percent_covered_display": "0", "missing_lines": 8, "excluded_lines": 0}, "missing_lines": [257, 258, 259, 260, 261, 262, 264, 266], "excluded_lines": []}, "IssueService.add_comment": {"executed_lines": [], "summary": {"covered_lines": 0, "num_statements": 8, "percent_covered": 0.0, "percent_covered_display": "0", "missing_lines": 8, "excluded_lines": 0}, "missing_lines": [282, 283, 286, 287, 288, 289, 291, 293], "excluded_lines": []}, "IssueService.get_issue_comments": {"executed_lines": [], "summary": {"covered_lines": 0, "num_statements": 6, "percent_covered": 0.0, "percent_covered_display": "0", "missing_lines": 6, "excluded_lines": 0}, "missing_lines": [313, 314, 317, 318, 320, 322], "excluded_lines": []}, "IssueService.get_issue_types": {"executed_lines": [], "summary": {"covered_lines": 0, "num_statements": 6, "percent_covered": 0.0, "percent_covered_display": "0", "missing_lines": 6, "excluded_lines": 0}, "missing_lines": [341, 342, 343, 344, 346, 348], "excluded_lines": []}, "": {"executed_lines": [1, 5, 7, 10, 11, 17, 26, 65, 87, 167, 244, 268, 297, 326], "summary": {"covered_lines": 12, "num_statements": 12, "percent_covered": 100.0, "percent_covered_display": "100", "missing_lines": 0, "excluded_lines": 0}, "missing_lines": [], "excluded_lines": []}}, "classes": {"IssueService": {"executed_lines": [], "summary": {"covered_lines": 0, "num_statements": 57, "percent_covered": 0.0, "percent_covered_display": "0", "missing_lines": 57, "excluded_lines": 0}, "missing_lines": [24, 50, 51, 58, 59, 61, 63, 78, 79, 80, 81, 83, 85, 137, 138, 158, 159, 160, 161, 163, 165, 215, 216, 235, 236, 237, 238, 240, 242, 257, 258, 259, 260, 261, 262, 264, 266, 282, 283, 286, 287, 288, 289, 291, 293, 313, 314, 317, 318, 320, 322, 341, 342, 343, 344, 346, 348], "excluded_lines": []}, "": {"executed_lines": [1, 5, 7, 10, 11, 17, 26, 65, 87, 167, 244, 268, 297, 326], "summary": {"covered_lines": 12, "num_statements": 12, "percent_covered": 100.0, "percent_covered_display": "100", "missing_lines": 0, "excluded_lines": 0}, "missing_lines": [], "excluded_lines": []}}}, "app/application/services/project_service.py": {"executed_lines": [1, 5, 7, 10, 11, 17, 26, 45, 67, 91, 115, 139, 163], "summary": {"covered_lines": 11, "num_statements": 54, "percent_covered": 20.37037037037037, "percent_covered_display": "20", "missing_lines": 43, "excluded_lines": 0}, "missing_lines": [24, 36, 37, 38, 39, 41, 43, 58, 59, 60, 61, 63, 65, 80, 81, 82, 83, 85, 87, 104, 105, 106, 107, 109, 111, 128, 129, 130, 131, 133, 135, 152, 153, 154, 155, 157, 159, 176, 177, 178, 179, 181, 183], "excluded_lines": [], "functions": {"ProjectService.__init__": {"executed_lines": [], "summary": {"covered_lines": 0, "num_statements": 1, "percent_covered": 0.0, "percent_covered_display": "0", "missing_lines": 1, "excluded_lines": 0}, "missing_lines": [24], "excluded_lines": []}, "ProjectService.get_projects": {"executed_lines": [], "summary": {"covered_lines": 0, "num_statements": 6, "percent_covered": 0.0, "percent_covered_display": "0", "missing_lines": 6, "excluded_lines": 0}, "missing_lines": [36, 37, 38, 39, 41, 43], "excluded_lines": []}, "ProjectService.get_project": {"executed_lines": [], "summary": {"covered_lines": 0, "num_statements": 6, "percent_covered": 0.0, "percent_covered_display": "0", "missing_lines": 6, "excluded_lines": 0}, "missing_lines": [58, 59, 60, 61, 63, 65], "excluded_lines": []}, "ProjectService.get_project_statuses": {"executed_lines": [], "summary": {"covered_lines": 0, "num_statements": 6, "percent_covered": 0.0, "percent_covered_display": "0", "missing_lines": 6, "excluded_lines": 0}, "missing_lines": [80, 81, 82, 83, 85, 87], "excluded_lines": []}, "ProjectService.get_project_issue_types": {"executed_lines": [], "summary": {"covered_lines": 0, "num_statements": 6, "percent_covered": 0.0, "percent_covered_display": "0", "missing_lines": 6, "excluded_lines": 0}, "missing_lines": [104, 105, 106, 107, 109, 111], "excluded_lines": []}, "ProjectService.get_project_categories": {"executed_lines": [], "summary": {"covered_lines": 0, "num_statements": 6, "percent_covered": 0.0, "percent_covered_display": "0", "missing_lines": 6, "excluded_lines": 0}, "missing_lines": [128, 129, 130, 131, 133, 135], "excluded_lines": []}, "ProjectService.get_project_milestones": {"executed_lines": [], "summary": {"covered_lines": 0, "num_statements": 6, "percent_covered": 0.0, "percent_covered_display": "0", "missing_lines": 6, "excluded_lines": 0}, "missing_lines": [152, 153, 154, 155, 157, 159], "excluded_lines": []}, "ProjectService.get_project_versions": {"executed_lines": [], "summary": {"covered_lines": 0, "num_statements": 6, "percent_covered": 0.0, "percent_covered_display": "0", "missing_lines": 6, "excluded_lines": 0}, "missing_lines": [176, 177, 178, 179, 181, 183], "excluded_lines": []}, "": {"executed_lines": [1, 5, 7, 10, 11, 17, 26, 45, 67, 91, 115, 139, 163], "summary": {"covered_lines": 11, "num_statements": 11, "percent_covered": 100.0, "percent_covered_display": "100", "missing_lines": 0, "excluded_lines": 0}, "missing_lines": [], "excluded_lines": []}}, "classes": {"ProjectService": {"executed_lines": [], "summary": {"covered_lines": 0, "num_statements": 43, "percent_covered": 0.0, "percent_covered_display": "0", "missing_lines": 43, "excluded_lines": 0}, "missing_lines": [24, 36, 37, 38, 39, 41, 43, 58, 59, 60, 61, 63, 65, 80, 81, 82, 83, 85, 87, 104, 105, 106, 107, 109, 111, 128, 129, 130, 131, 133, 135, 152, 153, 154, 155, 157, 159, 176, 177, 178, 179, 181, 183], "excluded_lines": []}, "": {"executed_lines": [1, 5, 7, 10, 11, 17, 26, 45, 67, 91, 115, 139, 163], "summary": {"covered_lines": 11, "num_statements": 11, "percent_covered": 100.0, "percent_covered_display": "100", "missing_lines": 0, "excluded_lines": 0}, "missing_lines": [], "excluded_lines": []}}}, "app/infrastructure/__init__.py": {"executed_lines": [1], "summary": {"covered_lines": 0, "num_statements": 0, "percent_covered": 100.0, "percent_covered_display": "100", "missing_lines": 0, "excluded_lines": 0}, "missing_lines": [], "excluded_lines": [], "functions": {"": {"executed_lines": [1], "summary": {"covered_lines": 0, "num_statements": 0, "percent_covered": 100.0, "percent_covered_display": "100", "missing_lines": 0, "excluded_lines": 0}, "missing_lines": [], "excluded_lines": []}}, "classes": {"": {"executed_lines": [1], "summary": {"covered_lines": 0, "num_statements": 0, "percent_covered": 100.0, "percent_covered_display": "100", "missing_lines": 0, "excluded_lines": 0}, "missing_lines": [], "excluded_lines": []}}}, "app/infrastructure/backlog/__init__.py": {"executed_lines": [1, 7], "summary": {"covered_lines": 1, "num_statements": 1, "percent_covered": 100.0, "percent_covered_display": "100", "missing_lines": 0, "excluded_lines": 0}, "missing_lines": [], "excluded_lines": [], "functions": {"": {"executed_lines": [1, 7], "summary": {"covered_lines": 1, "num_statements": 1, "percent_covered": 100.0, "percent_covered_display": "100", "missing_lines": 0, "excluded_lines": 0}, "missing_lines": [], "excluded_lines": []}}, "classes": {"": {"executed_lines": [1, 7], "summary": {"covered_lines": 1, "num_statements": 1, "percent_covered": 100.0, "percent_covered_display": "100", "missing_lines": 0, "excluded_lines": 0}, "missing_lines": [], "excluded_lines": []}}}, "app/infrastructure/backlog/backlog_client.py": {"executed_lines": [1, 5, 6, 7, 9, 12, 13, 14, 24, 25, 36, 72, 73, 74, 75, 76, 77, 78, 79, 82, 83, 89, 97, 98, 99, 100, 101, 102, 103, 104, 105, 106, 107, 110, 111, 113, 120, 121, 122, 124, 134, 135, 136, 137, 143, 164, 165, 166, 167, 169, 177, 178, 184, 194, 195, 196, 197, 202, 218, 234, 241, 242, 243, 244, 248, 250, 260, 261, 262, 263, 266, 276, 279, 280, 282, 286, 305, 318, 319, 320, 321, 324, 346, 365, 394, 413, 437, 456, 503, 505, 506, 507, 508, 510, 514, 515, 516, 517, 518, 519, 522, 523, 526, 530, 538, 546, 554, 559, 560, 561, 563, 565, 566, 570, 571, 575, 577, 579, 581, 584, 585, 586, 587, 593, 638, 640, 641, 644, 647, 648, 649, 652, 656, 660, 670, 680, 690, 694, 695, 696, 698, 700, 702, 703, 704, 706, 708, 710, 712, 715, 716, 717, 718, 719, 724, 734, 735, 736, 741, 754, 755, 758, 759, 760, 766, 779, 780, 783, 784, 785, 791, 803, 805, 806, 807, 808], "summary": {"covered_lines": 174, "num_statements": 356, "percent_covered": 48.87640449438202, "percent_covered_display": "49", "missing_lines": 182, "excluded_lines": 0}, "missing_lines": [15, 16, 17, 18, 20, 21, 32, 37, 38, 39, 40, 41, 43, 44, 45, 47, 48, 49, 50, 51, 54, 56, 67, 68, 70, 138, 140, 141, 179, 180, 182, 198, 199, 200, 209, 210, 211, 212, 213, 214, 215, 216, 228, 229, 230, 231, 232, 245, 246, 247, 264, 281, 283, 293, 294, 295, 296, 298, 322, 336, 338, 339, 340, 341, 342, 343, 344, 359, 360, 361, 362, 363, 377, 380, 381, 382, 383, 384, 386, 388, 389, 390, 391, 392, 407, 408, 409, 410, 411, 423, 425, 427, 428, 429, 430, 431, 432, 433, 434, 435, 450, 451, 452, 453, 454, 511, 527, 531, 532, 533, 534, 535, 539, 540, 541, 542, 543, 547, 548, 549, 550, 551, 562, 564, 574, 576, 578, 580, 582, 588, 589, 590, 591, 642, 653, 657, 661, 662, 663, 664, 665, 666, 667, 671, 672, 673, 674, 675, 676, 677, 681, 682, 683, 684, 685, 686, 687, 697, 699, 701, 705, 707, 709, 711, 713, 720, 721, 722, 737, 738, 739, 761, 762, 763, 764, 786, 787, 788, 789, 809, 810, 811], "excluded_lines": [], "functions": {"DummyUrllib3.disable_warnings": {"executed_lines": [], "summary": {"covered_lines": 0, "num_statements": 1, "percent_covered": 0.0, "percent_covered_display": "0", "missing_lines": 1, "excluded_lines": 0}, "missing_lines": [32], "excluded_lines": []}, "new_request": {"executed_lines": [], "summary": {"covered_lines": 0, "num_statements": 2, "percent_covered": 0.0, "percent_covered_display": "0", "missing_lines": 2, "excluded_lines": 0}, "missing_lines": [67, 68], "excluded_lines": []}, "BacklogClient.__init__": {"executed_lines": [97, 98, 99, 100, 101, 102, 103, 104, 105, 106, 107, 110, 111], "summary": {"covered_lines": 13, "num_statements": 13, "percent_covered": 100.0, "percent_covered_display": "100", "missing_lines": 0, "excluded_lines": 0}, "missing_lines": [], "excluded_lines": []}, "BacklogClient.get_projects": {"executed_lines": [120, 121, 122], "summary": {"covered_lines": 3, "num_statements": 3, "percent_covered": 100.0, "percent_covered_display": "100", "missing_lines": 0, "excluded_lines": 0}, "missing_lines": [], "excluded_lines": []}, "BacklogClient.get_project": {"executed_lines": [134, 135, 136, 137], "summary": {"covered_lines": 4, "num_statements": 7, "percent_covered": 57.142857142857146, "percent_covered_display": "57", "missing_lines": 3, "excluded_lines": 0}, "missing_lines": [138, 140, 141], "excluded_lines": []}, "BacklogClient.get_issues": {"executed_lines": [164, 165, 166, 167, 169, 177, 178], "summary": {"covered_lines": 7, "num_statements": 10, "percent_covered": 70.0, "percent_covered_display": "70", "missing_lines": 3, "excluded_lines": 0}, "missing_lines": [179, 180, 182], "excluded_lines": []}, "BacklogClient.get_issue": {"executed_lines": [194, 195, 196, 197], "summary": {"covered_lines": 4, "num_statements": 7, "percent_covered": 57.142857142857146, "percent_covered_display": "57", "missing_lines": 3, "excluded_lines": 0}, "missing_lines": [198, 199, 200], "excluded_lines": []}, "BacklogClient.get_users": {"executed_lines": [], "summary": {"covered_lines": 0, "num_statements": 8, "percent_covered": 0.0, "percent_covered_display": "0", "missing_lines": 8, "excluded_lines": 0}, "missing_lines": [209, 210, 211, 212, 213, 214, 215, 216], "excluded_lines": []}, "BacklogClient.get_user_id_by_name": {"executed_lines": [], "summary": {"covered_lines": 0, "num_statements": 5, "percent_covered": 0.0, "percent_covered_display": "0", "missing_lines": 5, "excluded_lines": 0}, "missing_lines": [228, 229, 230, 231, 232], "excluded_lines": []}, "BacklogClient.get_priorities": {"executed_lines": [241, 242, 243, 244, 248], "summary": {"covered_lines": 5, "num_statements": 8, "percent_covered": 62.5, "percent_covered_display": "62", "missing_lines": 3, "excluded_lines": 0}, "missing_lines": [245, 246, 247], "excluded_lines": []}, "BacklogClient.get_priority_id_by_name": {"executed_lines": [260, 261, 262, 263], "summary": {"covered_lines": 4, "num_statements": 5, "percent_covered": 80.0, "percent_covered_display": "80", "missing_lines": 1, "excluded_lines": 0}, "missing_lines": [264], "excluded_lines": []}, "BacklogClient.get_statuses": {"executed_lines": [276, 279, 280, 282, 286], "summary": {"covered_lines": 5, "num_statements": 12, "percent_covered": 41.666666666666664, "percent_covered_display": "42", "missing_lines": 7, "excluded_lines": 0}, "missing_lines": [281, 283, 293, 294, 295, 296, 298], "excluded_lines": []}, "BacklogClient.get_status_id_by_name": {"executed_lines": [318, 319, 320, 321], "summary": {"covered_lines": 4, "num_statements": 5, "percent_covered": 80.0, "percent_covered_display": "80", "missing_lines": 1, "excluded_lines": 0}, "missing_lines": [322], "excluded_lines": []}, "BacklogClient.get_categories": {"executed_lines": [], "summary": {"covered_lines": 0, "num_statements": 8, "percent_covered": 0.0, "percent_covered_display": "0", "missing_lines": 8, "excluded_lines": 0}, "missing_lines": [336, 338, 339, 340, 341, 342, 343, 344], "excluded_lines": []}, "BacklogClient.get_category_id_by_name": {"executed_lines": [], "summary": {"covered_lines": 0, "num_statements": 5, "percent_covered": 0.0, "percent_covered_display": "0", "missing_lines": 5, "excluded_lines": 0}, "missing_lines": [359, 360, 361, 362, 363], "excluded_lines": []}, "BacklogClient.get_milestones": {"executed_lines": [], "summary": {"covered_lines": 0, "num_statements": 12, "percent_covered": 0.0, "percent_covered_display": "0", "missing_lines": 12, "excluded_lines": 0}, "missing_lines": [377, 380, 381, 382, 383, 384, 386, 388, 389, 390, 391, 392], "excluded_lines": []}, "BacklogClient.get_milestone_id_by_name": {"executed_lines": [], "summary": {"covered_lines": 0, "num_statements": 5, "percent_covered": 0.0, "percent_covered_display": "0", "missing_lines": 5, "excluded_lines": 0}, "missing_lines": [407, 408, 409, 410, 411], "excluded_lines": []}, "BacklogClient.get_versions": {"executed_lines": [], "summary": {"covered_lines": 0, "num_statements": 11, "percent_covered": 0.0, "percent_covered_display": "0", "missing_lines": 11, "excluded_lines": 0}, "missing_lines": [423, 425, 427, 428, 429, 430, 431, 432, 433, 434, 435], "excluded_lines": []}, "BacklogClient.get_version_id_by_name": {"executed_lines": [], "summary": {"covered_lines": 0, "num_statements": 5, "percent_covered": 0.0, "percent_covered_display": "0", "missing_lines": 5, "excluded_lines": 0}, "missing_lines": [450, 451, 452, 453, 454], "excluded_lines": []}, "BacklogClient.create_issue": {"executed_lines": [503, 505, 506, 507, 508, 510, 514, 515, 516, 517, 518, 519, 522, 523, 526, 530, 538, 546, 554, 559, 560, 561, 563, 565, 566, 570, 571, 575, 577, 579, 581, 584, 585, 586, 587], "summary": {"covered_lines": 35, "num_statements": 63, "percent_covered": 55.55555555555556, "percent_covered_display": "56", "missing_lines": 28, "excluded_lines": 0}, "missing_lines": [511, 527, 531, 532, 533, 534, 535, 539, 540, 541, 542, 543, 547, 548, 549, 550, 551, 562, 564, 574, 576, 578, 580, 582, 588, 589, 590, 591], "excluded_lines": []}, "BacklogClient.update_issue": {"executed_lines": [638, 640, 641, 644, 647, 648, 649, 652, 656, 660, 670, 680, 690, 694, 695, 696, 698, 700, 702, 703, 704, 706, 708, 710, 712, 715, 716, 717, 718, 719], "summary": {"covered_lines": 30, "num_statements": 65, "percent_covered": 46.15384615384615, "percent_covered_display": "46", "missing_lines": 35, "excluded_lines": 0}, "missing_lines": [642, 653, 657, 661, 662, 663, 664, 665, 666, 667, 671, 672, 673, 674, 675, 676, 677, 681, 682, 683, 684, 685, 686, 687, 697, 699, 701, 705, 707, 709, 711, 713, 720, 721, 722], "excluded_lines": []}, "BacklogClient.delete_issue": {"executed_lines": [734, 735, 736], "summary": {"covered_lines": 3, "num_statements": 6, "percent_covered": 50.0, "percent_covered_display": "50", "missing_lines": 3, "excluded_lines": 0}, "missing_lines": [737, 738, 739], "excluded_lines": []}, "BacklogClient.add_comment": {"executed_lines": [754, 755, 758, 759, 760], "summary": {"covered_lines": 5, "num_statements": 9, "percent_covered": 55.55555555555556, "percent_covered_display": "56", "missing_lines": 4, "excluded_lines": 0}, "missing_lines": [761, 762, 763, 764], "excluded_lines": []}, "BacklogClient.get_issue_comments": {"executed_lines": [779, 780, 783, 784, 785], "summary": {"covered_lines": 5, "num_statements": 9, "percent_covered": 55.55555555555556, "percent_covered_display": "56", "missing_lines": 4, "excluded_lines": 0}, "missing_lines": [786, 787, 788, 789], "excluded_lines": []}, "BacklogClient.get_issue_types": {"executed_lines": [803, 805, 806, 807, 808], "summary": {"covered_lines": 5, "num_statements": 8, "percent_covered": 62.5, "percent_covered_display": "62", "missing_lines": 3, "excluded_lines": 0}, "missing_lines": [809, 810, 811], "excluded_lines": []}, "": {"executed_lines": [1, 5, 6, 7, 9, 12, 13, 14, 24, 25, 36, 72, 73, 74, 75, 76, 77, 78, 79, 82, 83, 89, 113, 124, 143, 184, 202, 218, 234, 250, 266, 305, 324, 346, 365, 394, 413, 437, 456, 593, 724, 741, 766, 791], "summary": {"covered_lines": 42, "num_statements": 64, "percent_covered": 65.625, "percent_covered_display": "66", "missing_lines": 22, "excluded_lines": 0}, "missing_lines": [15, 16, 17, 18, 20, 21, 37, 38, 39, 40, 41, 43, 44, 45, 47, 48, 49, 50, 51, 54, 56, 70], "excluded_lines": []}}, "classes": {"DummyUrllib3": {"executed_lines": [], "summary": {"covered_lines": 0, "num_statements": 1, "percent_covered": 0.0, "percent_covered_display": "0", "missing_lines": 1, "excluded_lines": 0}, "missing_lines": [32], "excluded_lines": []}, "BacklogClient": {"executed_lines": [97, 98, 99, 100, 101, 102, 103, 104, 105, 106, 107, 110, 111, 120, 121, 122, 134, 135, 136, 137, 164, 165, 166, 167, 169, 177, 178, 194, 195, 196, 197, 241, 242, 243, 244, 248, 260, 261, 262, 263, 276, 279, 280, 282, 286, 318, 319, 320, 321, 503, 505, 506, 507, 508, 510, 514, 515, 516, 517, 518, 519, 522, 523, 526, 530, 538, 546, 554, 559, 560, 561, 563, 565, 566, 570, 571, 575, 577, 579, 581, 584, 585, 586, 587, 638, 640, 641, 644, 647, 648, 649, 652, 656, 660, 670, 680, 690, 694, 695, 696, 698, 700, 702, 703, 704, 706, 708, 710, 712, 715, 716, 717, 718, 719, 734, 735, 736, 754, 755, 758, 759, 760, 779, 780, 783, 784, 785, 803, 805, 806, 807, 808], "summary": {"covered_lines": 132, "num_statements": 289, "percent_covered": 45.674740484429066, "percent_covered_display": "46", "missing_lines": 157, "excluded_lines": 0}, "missing_lines": [138, 140, 141, 179, 180, 182, 198, 199, 200, 209, 210, 211, 212, 213, 214, 215, 216, 228, 229, 230, 231, 232, 245, 246, 247, 264, 281, 283, 293, 294, 295, 296, 298, 322, 336, 338, 339, 340, 341, 342, 343, 344, 359, 360, 361, 362, 363, 377, 380, 381, 382, 383, 384, 386, 388, 389, 390, 391, 392, 407, 408, 409, 410, 411, 423, 425, 427, 428, 429, 430, 431, 432, 433, 434, 435, 450, 451, 452, 453, 454, 511, 527, 531, 532, 533, 534, 535, 539, 540, 541, 542, 543, 547, 548, 549, 550, 551, 562, 564, 574, 576, 578, 580, 582, 588, 589, 590, 591, 642, 653, 657, 661, 662, 663, 664, 665, 666, 667, 671, 672, 673, 674, 675, 676, 677, 681, 682, 683, 684, 685, 686, 687, 697, 699, 701, 705, 707, 709, 711, 713, 720, 721, 722, 737, 738, 739, 761, 762, 763, 764, 786, 787, 788, 789, 809, 810, 811], "excluded_lines": []}, "": {"executed_lines": [1, 5, 6, 7, 9, 12, 13, 14, 24, 25, 36, 72, 73, 74, 75, 76, 77, 78, 79, 82, 83, 89, 113, 124, 143, 184, 202, 218, 234, 250, 266, 305, 324, 346, 365, 394, 413, 437, 456, 593, 724, 741, 766, 791], "summary": {"covered_lines": 42, "num_statements": 66, "percent_covered": 63.63636363636363, "percent_covered_display": "64", "missing_lines": 24, "excluded_lines": 0}, "missing_lines": [15, 16, 17, 18, 20, 21, 37, 38, 39, 40, 41, 43, 44, 45, 47, 48, 49, 50, 51, 54, 56, 67, 68, 70], "excluded_lines": []}}}, "app/infrastructure/backlog/backlog_client_wrapper.py": {"executed_lines": [1, 7, 8, 9, 11, 14, 15, 16, 26, 27, 38, 74, 75, 76, 77, 78, 79, 80, 81, 84, 85, 91, 115, 126, 145, 185, 203, 219, 235, 251, 267, 306, 325, 347, 366, 395, 414, 438, 457, 594, 725, 742, 767, 792], "summary": {"covered_lines": 42, "num_statements": 356, "percent_covered": 11.797752808988765, "percent_covered_display": "12", "missing_lines": 314, "excluded_lines": 0}, "missing_lines": [17, 18, 19, 20, 22, 23, 34, 39, 40, 41, 42, 43, 45, 46, 47, 49, 50, 51, 52, 53, 56, 58, 69, 70, 72, 99, 100, 101, 102, 103, 104, 105, 106, 107, 108, 109, 112, 113, 122, 123, 124, 136, 137, 138, 139, 140, 142, 143, 166, 167, 168, 169, 171, 179, 180, 181, 182, 183, 195, 196, 197, 198, 199, 200, 201, 210, 211, 212, 213, 214, 215, 216, 217, 229, 230, 231, 232, 233, 242, 243, 244, 245, 246, 247, 248, 249, 261, 262, 263, 264, 265, 277, 280, 281, 282, 283, 284, 287, 294, 295, 296, 297, 299, 319, 320, 321, 322, 323, 337, 339, 340, 341, 342, 343, 344, 345, 360, 361, 362, 363, 364, 378, 381, 382, 383, 384, 385, 387, 389, 390, 391, 392, 393, 408, 409, 410, 411, 412, 424, 426, 428, 429, 430, 431, 432, 433, 434, 435, 436, 451, 452, 453, 454, 455, 504, 506, 507, 508, 509, 511, 512, 515, 516, 517, 518, 519, 520, 523, 524, 527, 528, 531, 532, 533, 534, 535, 536, 539, 540, 541, 542, 543, 544, 547, 548, 549, 550, 551, 552, 555, 560, 561, 562, 563, 564, 565, 566, 567, 571, 572, 575, 576, 577, 578, 579, 580, 581, 582, 583, 585, 586, 587, 588, 589, 590, 591, 592, 639, 641, 642, 643, 645, 648, 649, 650, 653, 654, 657, 658, 661, 662, 663, 664, 665, 666, 667, 668, 671, 672, 673, 674, 675, 676, 677, 678, 681, 682, 683, 684, 685, 686, 687, 688, 691, 695, 696, 697, 698, 699, 700, 701, 702, 703, 704, 705, 706, 707, 708, 709, 710, 711, 712, 713, 714, 716, 717, 718, 719, 720, 721, 722, 723, 735, 736, 737, 738, 739, 740, 755, 756, 759, 760, 761, 762, 763, 764, 765, 780, 781, 784, 785, 786, 787, 788, 789, 790, 804, 806, 807, 808, 809, 810, 811, 812], "excluded_lines": [], "functions": {"DummyUrllib3.disable_warnings": {"executed_lines": [], "summary": {"covered_lines": 0, "num_statements": 1, "percent_covered": 0.0, "percent_covered_display": "0", "missing_lines": 1, "excluded_lines": 0}, "missing_lines": [34], "excluded_lines": []}, "new_request": {"executed_lines": [], "summary": {"covered_lines": 0, "num_statements": 2, "percent_covered": 0.0, "percent_covered_display": "0", "missing_lines": 2, "excluded_lines": 0}, "missing_lines": [69, 70], "excluded_lines": []}, "BacklogClient.__init__": {"executed_lines": [], "summary": {"covered_lines": 0, "num_statements": 13, "percent_covered": 0.0, "percent_covered_display": "0", "missing_lines": 13, "excluded_lines": 0}, "missing_lines": [99, 100, 101, 102, 103, 104, 105, 106, 107, 108, 109, 112, 113], "excluded_lines": []}, "BacklogClient.get_projects": {"executed_lines": [], "summary": {"covered_lines": 0, "num_statements": 3, "percent_covered": 0.0, "percent_covered_display": "0", "missing_lines": 3, "excluded_lines": 0}, "missing_lines": [122, 123, 124], "excluded_lines": []}, "BacklogClient.get_project": {"executed_lines": [], "summary": {"covered_lines": 0, "num_statements": 7, "percent_covered": 0.0, "percent_covered_display": "0", "missing_lines": 7, "excluded_lines": 0}, "missing_lines": [136, 137, 138, 139, 140, 142, 143], "excluded_lines": []}, "BacklogClient.get_issues": {"executed_lines": [], "summary": {"covered_lines": 0, "num_statements": 10, "percent_covered": 0.0, "percent_covered_display": "0", "missing_lines": 10, "excluded_lines": 0}, "missing_lines": [166, 167, 168, 169, 171, 179, 180, 181, 182, 183], "excluded_lines": []}, "BacklogClient.get_issue": {"executed_lines": [], "summary": {"covered_lines": 0, "num_statements": 7, "percent_covered": 0.0, "percent_covered_display": "0", "missing_lines": 7, "excluded_lines": 0}, "missing_lines": [195, 196, 197, 198, 199, 200, 201], "excluded_lines": []}, "BacklogClient.get_users": {"executed_lines": [], "summary": {"covered_lines": 0, "num_statements": 8, "percent_covered": 0.0, "percent_covered_display": "0", "missing_lines": 8, "excluded_lines": 0}, "missing_lines": [210, 211, 212, 213, 214, 215, 216, 217], "excluded_lines": []}, "BacklogClient.get_user_id_by_name": {"executed_lines": [], "summary": {"covered_lines": 0, "num_statements": 5, "percent_covered": 0.0, "percent_covered_display": "0", "missing_lines": 5, "excluded_lines": 0}, "missing_lines": [229, 230, 231, 232, 233], "excluded_lines": []}, "BacklogClient.get_priorities": {"executed_lines": [], "summary": {"covered_lines": 0, "num_statements": 8, "percent_covered": 0.0, "percent_covered_display": "0", "missing_lines": 8, "excluded_lines": 0}, "missing_lines": [242, 243, 244, 245, 246, 247, 248, 249], "excluded_lines": []}, "BacklogClient.get_priority_id_by_name": {"executed_lines": [], "summary": {"covered_lines": 0, "num_statements": 5, "percent_covered": 0.0, "percent_covered_display": "0", "missing_lines": 5, "excluded_lines": 0}, "missing_lines": [261, 262, 263, 264, 265], "excluded_lines": []}, "BacklogClient.get_statuses": {"executed_lines": [], "summary": {"covered_lines": 0, "num_statements": 12, "percent_covered": 0.0, "percent_covered_display": "0", "missing_lines": 12, "excluded_lines": 0}, "missing_lines": [277, 280, 281, 282, 283, 284, 287, 294, 295, 296, 297, 299], "excluded_lines": []}, "BacklogClient.get_status_id_by_name": {"executed_lines": [], "summary": {"covered_lines": 0, "num_statements": 5, "percent_covered": 0.0, "percent_covered_display": "0", "missing_lines": 5, "excluded_lines": 0}, "missing_lines": [319, 320, 321, 322, 323], "excluded_lines": []}, "BacklogClient.get_categories": {"executed_lines": [], "summary": {"covered_lines": 0, "num_statements": 8, "percent_covered": 0.0, "percent_covered_display": "0", "missing_lines": 8, "excluded_lines": 0}, "missing_lines": [337, 339, 340, 341, 342, 343, 344, 345], "excluded_lines": []}, "BacklogClient.get_category_id_by_name": {"executed_lines": [], "summary": {"covered_lines": 0, "num_statements": 5, "percent_covered": 0.0, "percent_covered_display": "0", "missing_lines": 5, "excluded_lines": 0}, "missing_lines": [360, 361, 362, 363, 364], "excluded_lines": []}, "BacklogClient.get_milestones": {"executed_lines": [], "summary": {"covered_lines": 0, "num_statements": 12, "percent_covered": 0.0, "percent_covered_display": "0", "missing_lines": 12, "excluded_lines": 0}, "missing_lines": [378, 381, 382, 383, 384, 385, 387, 389, 390, 391, 392, 393], "excluded_lines": []}, "BacklogClient.get_milestone_id_by_name": {"executed_lines": [], "summary": {"covered_lines": 0, "num_statements": 5, "percent_covered": 0.0, "percent_covered_display": "0", "missing_lines": 5, "excluded_lines": 0}, "missing_lines": [408, 409, 410, 411, 412], "excluded_lines": []}, "BacklogClient.get_versions": {"executed_lines": [], "summary": {"covered_lines": 0, "num_statements": 11, "percent_covered": 0.0, "percent_covered_display": "0", "missing_lines": 11, "excluded_lines": 0}, "missing_lines": [424, 426, 428, 429, 430, 431, 432, 433, 434, 435, 436], "excluded_lines": []}, "BacklogClient.get_version_id_by_name": {"executed_lines": [], "summary": {"covered_lines": 0, "num_statements": 5, "percent_covered": 0.0, "percent_covered_display": "0", "missing_lines": 5, "excluded_lines": 0}, "missing_lines": [451, 452, 453, 454, 455], "excluded_lines": []}, "BacklogClient.create_issue": {"executed_lines": [], "summary": {"covered_lines": 0, "num_statements": 63, "percent_covered": 0.0, "percent_covered_display": "0", "missing_lines": 63, "excluded_lines": 0}, "missing_lines": [504, 506, 507, 508, 509, 511, 512, 515, 516, 517, 518, 519, 520, 523, 524, 527, 528, 531, 532, 533, 534, 535, 536, 539, 540, 541, 542, 543, 544, 547, 548, 549, 550, 551, 552, 555, 560, 561, 562, 563, 564, 565, 566, 567, 571, 572, 575, 576, 577, 578, 579, 580, 581, 582, 583, 585, 586, 587, 588, 589, 590, 591, 592], "excluded_lines": []}, "BacklogClient.update_issue": {"executed_lines": [], "summary": {"covered_lines": 0, "num_statements": 65, "percent_covered": 0.0, "percent_covered_display": "0", "missing_lines": 65, "excluded_lines": 0}, "missing_lines": [639, 641, 642, 643, 645, 648, 649, 650, 653, 654, 657, 658, 661, 662, 663, 664, 665, 666, 667, 668, 671, 672, 673, 674, 675, 676, 677, 678, 681, 682, 683, 684, 685, 686, 687, 688, 691, 695, 696, 697, 698, 699, 700, 701, 702, 703, 704, 705, 706, 707, 708, 709, 710, 711, 712, 713, 714, 716, 717, 718, 719, 720, 721, 722, 723], "excluded_lines": []}, "BacklogClient.delete_issue": {"executed_lines": [], "summary": {"covered_lines": 0, "num_statements": 6, "percent_covered": 0.0, "percent_covered_display": "0", "missing_lines": 6, "excluded_lines": 0}, "missing_lines": [735, 736, 737, 738, 739, 740], "excluded_lines": []}, "BacklogClient.add_comment": {"executed_lines": [], "summary": {"covered_lines": 0, "num_statements": 9, "percent_covered": 0.0, "percent_covered_display": "0", "missing_lines": 9, "excluded_lines": 0}, "missing_lines": [755, 756, 759, 760, 761, 762, 763, 764, 765], "excluded_lines": []}, "BacklogClient.get_issue_comments": {"executed_lines": [], "summary": {"covered_lines": 0, "num_statements": 9, "percent_covered": 0.0, "percent_covered_display": "0", "missing_lines": 9, "excluded_lines": 0}, "missing_lines": [780, 781, 784, 785, 786, 787, 788, 789, 790], "excluded_lines": []}, "BacklogClient.get_issue_types": {"executed_lines": [], "summary": {"covered_lines": 0, "num_statements": 8, "percent_covered": 0.0, "percent_covered_display": "0", "missing_lines": 8, "excluded_lines": 0}, "missing_lines": [804, 806, 807, 808, 809, 810, 811, 812], "excluded_lines": []}, "": {"executed_lines": [1, 7, 8, 9, 11, 14, 15, 16, 26, 27, 38, 74, 75, 76, 77, 78, 79, 80, 81, 84, 85, 91, 115, 126, 145, 185, 203, 219, 235, 251, 267, 306, 325, 347, 366, 395, 414, 438, 457, 594, 725, 742, 767, 792], "summary": {"covered_lines": 42, "num_statements": 64, "percent_covered": 65.625, "percent_covered_display": "66", "missing_lines": 22, "excluded_lines": 0}, "missing_lines": [17, 18, 19, 20, 22, 23, 39, 40, 41, 42, 43, 45, 46, 47, 49, 50, 51, 52, 53, 56, 58, 72], "excluded_lines": []}}, "classes": {"DummyUrllib3": {"executed_lines": [], "summary": {"covered_lines": 0, "num_statements": 1, "percent_covered": 0.0, "percent_covered_display": "0", "missing_lines": 1, "excluded_lines": 0}, "missing_lines": [34], "excluded_lines": []}, "BacklogClient": {"executed_lines": [], "summary": {"covered_lines": 0, "num_statements": 289, "percent_covered": 0.0, "percent_covered_display": "0", "missing_lines": 289, "excluded_lines": 0}, "missing_lines": [99, 100, 101, 102, 103, 104, 105, 106, 107, 108, 109, 112, 113, 122, 123, 124, 136, 137, 138, 139, 140, 142, 143, 166, 167, 168, 169, 171, 179, 180, 181, 182, 183, 195, 196, 197, 198, 199, 200, 201, 210, 211, 212, 213, 214, 215, 216, 217, 229, 230, 231, 232, 233, 242, 243, 244, 245, 246, 247, 248, 249, 261, 262, 263, 264, 265, 277, 280, 281, 282, 283, 284, 287, 294, 295, 296, 297, 299, 319, 320, 321, 322, 323, 337, 339, 340, 341, 342, 343, 344, 345, 360, 361, 362, 363, 364, 378, 381, 382, 383, 384, 385, 387, 389, 390, 391, 392, 393, 408, 409, 410, 411, 412, 424, 426, 428, 429, 430, 431, 432, 433, 434, 435, 436, 451, 452, 453, 454, 455, 504, 506, 507, 508, 509, 511, 512, 515, 516, 517, 518, 519, 520, 523, 524, 527, 528, 531, 532, 533, 534, 535, 536, 539, 540, 541, 542, 543, 544, 547, 548, 549, 550, 551, 552, 555, 560, 561, 562, 563, 564, 565, 566, 567, 571, 572, 575, 576, 577, 578, 579, 580, 581, 582, 583, 585, 586, 587, 588, 589, 590, 591, 592, 639, 641, 642, 643, 645, 648, 649, 650, 653, 654, 657, 658, 661, 662, 663, 664, 665, 666, 667, 668, 671, 672, 673, 674, 675, 676, 677, 678, 681, 682, 683, 684, 685, 686, 687, 688, 691, 695, 696, 697, 698, 699, 700, 701, 702, 703, 704, 705, 706, 707, 708, 709, 710, 711, 712, 713, 714, 716, 717, 718, 719, 720, 721, 722, 723, 735, 736, 737, 738, 739, 740, 755, 756, 759, 760, 761, 762, 763, 764, 765, 780, 781, 784, 785, 786, 787, 788, 789, 790, 804, 806, 807, 808, 809, 810, 811, 812], "excluded_lines": []}, "": {"executed_lines": [1, 7, 8, 9, 11, 14, 15, 16, 26, 27, 38, 74, 75, 76, 77, 78, 79, 80, 81, 84, 85, 91, 115, 126, 145, 185, 203, 219, 235, 251, 267, 306, 325, 347, 366, 395, 414, 438, 457, 594, 725, 742, 767, 792], "summary": {"covered_lines": 42, "num_statements": 66, "percent_covered": 63.63636363636363, "percent_covered_display": "64", "missing_lines": 24, "excluded_lines": 0}, "missing_lines": [17, 18, 19, 20, 22, 23, 39, 40, 41, 42, 43, 45, 46, 47, 49, 50, 51, 52, 53, 56, 58, 69, 70, 72], "excluded_lines": []}}}, "app/main.py": {"executed_lines": [1, 5, 7, 8, 9, 10, 11, 12, 15, 17, 18, 19, 22, 23, 26, 33, 42, 43, 44, 45, 46, 49, 50, 55, 60, 63, 64, 67, 68, 70, 71, 72, 79, 80, 81, 85, 86, 103, 104, 115, 119, 134], "summary": {"covered_lines": 41, "num_statements": 50, "percent_covered": 82.0, "percent_covered_display": "82", "missing_lines": 9, "excluded_lines": 0}, "missing_lines": [74, 75, 76, 97, 111, 123, 127, 128, 135], "excluded_lines": [], "functions": {"global_exception_handler": {"executed_lines": [], "summary": {"covered_lines": 0, "num_statements": 1, "percent_covered": 0.0, "percent_covered_display": "0", "missing_lines": 1, "excluded_lines": 0}, "missing_lines": [97], "excluded_lines": []}, "root": {"executed_lines": [], "summary": {"covered_lines": 0, "num_statements": 1, "percent_covered": 0.0, "percent_covered_display": "0", "missing_lines": 1, "excluded_lines": 0}, "missing_lines": [111], "excluded_lines": []}, "start": {"executed_lines": [], "summary": {"covered_lines": 0, "num_statements": 3, "percent_covered": 0.0, "percent_covered_display": "0", "missing_lines": 3, "excluded_lines": 0}, "missing_lines": [123, 127, 128], "excluded_lines": []}, "": {"executed_lines": [1, 5, 7, 8, 9, 10, 11, 12, 15, 17, 18, 19, 22, 23, 26, 33, 42, 43, 44, 45, 46, 49, 50, 55, 60, 63, 64, 67, 68, 70, 71, 72, 79, 80, 81, 85, 86, 103, 104, 115, 119, 134], "summary": {"covered_lines": 41, "num_statements": 45, "percent_covered": 91.11111111111111, "percent_covered_display": "91", "missing_lines": 4, "excluded_lines": 0}, "missing_lines": [74, 75, 76, 135], "excluded_lines": []}}, "classes": {"": {"executed_lines": [1, 5, 7, 8, 9, 10, 11, 12, 15, 17, 18, 19, 22, 23, 26, 33, 42, 43, 44, 45, 46, 49, 50, 55, 60, 63, 64, 67, 68, 70, 71, 72, 79, 80, 81, 85, 86, 103, 104, 115, 119, 134], "summary": {"covered_lines": 41, "num_statements": 50, "percent_covered": 82.0, "percent_covered_display": "82", "missing_lines": 9, "excluded_lines": 0}, "missing_lines": [74, 75, 76, 97, 111, 123, 127, 128, 135], "excluded_lines": []}}}, "app/presentation/__init__.py": {"executed_lines": [1], "summary": {"covered_lines": 0, "num_statements": 0, "percent_covered": 100.0, "percent_covered_display": "100", "missing_lines": 0, "excluded_lines": 0}, "missing_lines": [], "excluded_lines": [], "functions": {"": {"executed_lines": [1], "summary": {"covered_lines": 0, "num_statements": 0, "percent_covered": 100.0, "percent_covered_display": "100", "missing_lines": 0, "excluded_lines": 0}, "missing_lines": [], "excluded_lines": []}}, "classes": {"": {"executed_lines": [1], "summary": {"covered_lines": 0, "num_statements": 0, "percent_covered": 100.0, "percent_covered_display": "100", "missing_lines": 0, "excluded_lines": 0}, "missing_lines": [], "excluded_lines": []}}}, "app/presentation/api/__init__.py": {"executed_lines": [1], "summary": {"covered_lines": 0, "num_statements": 0, "percent_covered": 100.0, "percent_covered_display": "100", "missing_lines": 0, "excluded_lines": 0}, "missing_lines": [], "excluded_lines": [], "functions": {"": {"executed_lines": [1], "summary": {"covered_lines": 0, "num_statements": 0, "percent_covered": 100.0, "percent_covered_display": "100", "missing_lines": 0, "excluded_lines": 0}, "missing_lines": [], "excluded_lines": []}}, "classes": {"": {"executed_lines": [1], "summary": {"covered_lines": 0, "num_statements": 0, "percent_covered": 100.0, "percent_covered_display": "100", "missing_lines": 0, "excluded_lines": 0}, "missing_lines": [], "excluded_lines": []}}}, "app/presentation/api/bulk_operations_router.py": {"executed_lines": [1, 5, 6, 8, 9, 10, 12, 13, 16, 19, 27, 28, 30, 33, 34, 36, 39, 40, 42, 45, 46, 48, 51, 52, 54, 57, 58, 60, 63, 70, 71, 73, 79, 80, 83, 86, 100, 101, 104, 111, 114, 139, 142, 167, 170, 195, 198, 223, 226, 240, 241, 242], "summary": {"covered_lines": 45, "num_statements": 70, "percent_covered": 64.28571428571429, "percent_covered_display": "64", "missing_lines": 25, "excluded_lines": 0}, "missing_lines": [74, 105, 106, 128, 129, 132, 133, 134, 156, 157, 160, 161, 162, 184, 185, 188, 189, 190, 212, 213, 216, 217, 218, 243, 244], "excluded_lines": [], "functions": {"get_bulk_operations_service": {"executed_lines": [70, 71, 73, 79, 80], "summary": {"covered_lines": 5, "num_statements": 6, "percent_covered": 83.33333333333333, "percent_covered_display": "83", "missing_lines": 1, "excluded_lines": 0}, "missing_lines": [74], "excluded_lines": []}, "bulk_update_status": {"executed_lines": [100, 101, 104], "summary": {"covered_lines": 3, "num_statements": 5, "percent_covered": 60.0, "percent_covered_display": "60", "missing_lines": 2, "excluded_lines": 0}, "missing_lines": [105, 106], "excluded_lines": []}, "bulk_update_assignee": {"executed_lines": [], "summary": {"covered_lines": 0, "num_statements": 5, "percent_covered": 0.0, "percent_covered_display": "0", "missing_lines": 5, "excluded_lines": 0}, "missing_lines": [128, 129, 132, 133, 134], "excluded_lines": []}, "bulk_update_priority": {"executed_lines": [], "summary": {"covered_lines": 0, "num_statements": 5, "percent_covered": 0.0, "percent_covered_display": "0", "missing_lines": 5, "excluded_lines": 0}, "missing_lines": [156, 157, 160, 161, 162], "excluded_lines": []}, "bulk_update_milestone": {"executed_lines": [], "summary": {"covered_lines": 0, "num_statements": 5, "percent_covered": 0.0, "percent_covered_display": "0", "missing_lines": 5, "excluded_lines": 0}, "missing_lines": [184, 185, 188, 189, 190], "excluded_lines": []}, "bulk_update_category": {"executed_lines": [], "summary": {"covered_lines": 0, "num_statements": 5, "percent_covered": 0.0, "percent_covered_display": "0", "missing_lines": 5, "excluded_lines": 0}, "missing_lines": [212, 213, 216, 217, 218], "excluded_lines": []}, "bulk_delete_issues": {"executed_lines": [240, 241, 242], "summary": {"covered_lines": 3, "num_statements": 5, "percent_covered": 60.0, "percent_covered_display": "60", "missing_lines": 2, "excluded_lines": 0}, "missing_lines": [243, 244], "excluded_lines": []}, "": {"executed_lines": [1, 5, 6, 8, 9, 10, 12, 13, 16, 19, 27, 28, 30, 33, 34, 36, 39, 40, 42, 45, 46, 48, 51, 52, 54, 57, 58, 60, 63, 83, 86, 111, 114, 139, 142, 167, 170, 195, 198, 223, 226], "summary": {"covered_lines": 34, "num_statements": 34, "percent_covered": 100.0, "percent_covered_display": "100", "missing_lines": 0, "excluded_lines": 0}, "missing_lines": [], "excluded_lines": []}}, "classes": {"BulkUpdateRequest": {"executed_lines": [], "summary": {"covered_lines": 0, "num_statements": 0, "percent_covered": 100.0, "percent_covered_display": "100", "missing_lines": 0, "excluded_lines": 0}, "missing_lines": [], "excluded_lines": []}, "BulkStatusUpdateRequest": {"executed_lines": [], "summary": {"covered_lines": 0, "num_statements": 0, "percent_covered": 100.0, "percent_covered_display": "100", "missing_lines": 0, "excluded_lines": 0}, "missing_lines": [], "excluded_lines": []}, "BulkAssigneeUpdateRequest": {"executed_lines": [], "summary": {"covered_lines": 0, "num_statements": 0, "percent_covered": 100.0, "percent_covered_display": "100", "missing_lines": 0, "excluded_lines": 0}, "missing_lines": [], "excluded_lines": []}, "BulkPriorityUpdateRequest": {"executed_lines": [], "summary": {"covered_lines": 0, "num_statements": 0, "percent_covered": 100.0, "percent_covered_display": "100", "missing_lines": 0, "excluded_lines": 0}, "missing_lines": [], "excluded_lines": []}, "BulkMilestoneUpdateRequest": {"executed_lines": [], "summary": {"covered_lines": 0, "num_statements": 0, "percent_covered": 100.0, "percent_covered_display": "100", "missing_lines": 0, "excluded_lines": 0}, "missing_lines": [], "excluded_lines": []}, "BulkCategoryUpdateRequest": {"executed_lines": [], "summary": {"covered_lines": 0, "num_statements": 0, "percent_covered": 100.0, "percent_covered_display": "100", "missing_lines": 0, "excluded_lines": 0}, "missing_lines": [], "excluded_lines": []}, "": {"executed_lines": [1, 5, 6, 8, 9, 10, 12, 13, 16, 19, 27, 28, 30, 33, 34, 36, 39, 40, 42, 45, 46, 48, 51, 52, 54, 57, 58, 60, 63, 70, 71, 73, 79, 80, 83, 86, 100, 101, 104, 111, 114, 139, 142, 167, 170, 195, 198, 223, 226, 240, 241, 242], "summary": {"covered_lines": 45, "num_statements": 70, "percent_covered": 64.28571428571429, "percent_covered_display": "64", "missing_lines": 25, "excluded_lines": 0}, "missing_lines": [74, 105, 106, 128, 129, 132, 133, 134, 156, 157, 160, 161, 162, 184, 185, 188, 189, 190, 212, 213, 216, 217, 218, 243, 244], "excluded_lines": []}}}, "app/presentation/api/issue_router.py": {"executed_lines": [1, 5, 6, 8, 9, 10, 12, 13, 16, 19, 27, 28, 30, 31, 32, 33, 34, 35, 36, 37, 38, 39, 40, 41, 42, 43, 44, 47, 48, 50, 51, 52, 53, 54, 55, 56, 57, 58, 59, 60, 61, 62, 65, 66, 68, 71, 91, 92, 119, 122, 151, 154, 191, 194, 236, 237, 256, 262, 290, 295], "summary": {"covered_lines": 56, "num_statements": 100, "percent_covered": 56.0, "percent_covered_display": "56", "missing_lines": 44, "excluded_lines": 0}, "missing_lines": [78, 79, 81, 82, 87, 88, 110, 111, 114, 115, 116, 135, 136, 137, 138, 142, 143, 144, 145, 146, 167, 169, 186, 187, 188, 210, 212, 228, 229, 230, 247, 248, 249, 250, 278, 279, 282, 283, 284, 311, 312, 315, 316, 317], "excluded_lines": [], "functions": {"get_issue_service": {"executed_lines": [], "summary": {"covered_lines": 0, "num_statements": 6, "percent_covered": 0.0, "percent_covered_display": "0", "missing_lines": 6, "excluded_lines": 0}, "missing_lines": [78, 79, 81, 82, 87, 88], "excluded_lines": []}, "get_issues": {"executed_lines": [], "summary": {"covered_lines": 0, "num_statements": 5, "percent_covered": 0.0, "percent_covered_display": "0", "missing_lines": 5, "excluded_lines": 0}, "missing_lines": [110, 111, 114, 115, 116], "excluded_lines": []}, "get_issue": {"executed_lines": [], "summary": {"covered_lines": 0, "num_statements": 9, "percent_covered": 0.0, "percent_covered_display": "0", "missing_lines": 9, "excluded_lines": 0}, "missing_lines": [135, 136, 137, 138, 142, 143, 144, 145, 146], "excluded_lines": []}, "create_issue": {"executed_lines": [], "summary": {"covered_lines": 0, "num_statements": 5, "percent_covered": 0.0, "percent_covered_display": "0", "missing_lines": 5, "excluded_lines": 0}, "missing_lines": [167, 169, 186, 187, 188], "excluded_lines": []}, "update_issue": {"executed_lines": [], "summary": {"covered_lines": 0, "num_statements": 5, "percent_covered": 0.0, "percent_covered_display": "0", "missing_lines": 5, "excluded_lines": 0}, "missing_lines": [210, 212, 228, 229, 230], "excluded_lines": []}, "delete_issue": {"executed_lines": [], "summary": {"covered_lines": 0, "num_statements": 4, "percent_covered": 0.0, "percent_covered_display": "0", "missing_lines": 4, "excluded_lines": 0}, "missing_lines": [247, 248, 249, 250], "excluded_lines": []}, "add_comment": {"executed_lines": [], "summary": {"covered_lines": 0, "num_statements": 5, "percent_covered": 0.0, "percent_covered_display": "0", "missing_lines": 5, "excluded_lines": 0}, "missing_lines": [278, 279, 282, 283, 284], "excluded_lines": []}, "get_issue_comments": {"executed_lines": [], "summary": {"covered_lines": 0, "num_statements": 5, "percent_covered": 0.0, "percent_covered_display": "0", "missing_lines": 5, "excluded_lines": 0}, "missing_lines": [311, 312, 315, 316, 317], "excluded_lines": []}, "": {"executed_lines": [1, 5, 6, 8, 9, 10, 12, 13, 16, 19, 27, 28, 30, 31, 32, 33, 34, 35, 36, 37, 38, 39, 40, 41, 42, 43, 44, 47, 48, 50, 51, 52, 53, 54, 55, 56, 57, 58, 59, 60, 61, 62, 65, 66, 68, 71, 91, 92, 119, 122, 151, 154, 191, 194, 236, 237, 256, 262, 290, 295], "summary": {"covered_lines": 56, "num_statements": 56, "percent_covered": 100.0, "percent_covered_display": "100", "missing_lines": 0, "excluded_lines": 0}, "missing_lines": [], "excluded_lines": []}}, "classes": {"IssueCreate": {"executed_lines": [], "summary": {"covered_lines": 0, "num_statements": 0, "percent_covered": 100.0, "percent_covered_display": "100", "missing_lines": 0, "excluded_lines": 0}, "missing_lines": [], "excluded_lines": []}, "IssueUpdate": {"executed_lines": [], "summary": {"covered_lines": 0, "num_statements": 0, "percent_covered": 100.0, "percent_covered_display": "100", "missing_lines": 0, "excluded_lines": 0}, "missing_lines": [], "excluded_lines": []}, "CommentCreate": {"executed_lines": [], "summary": {"covered_lines": 0, "num_statements": 0, "percent_covered": 100.0, "percent_covered_display": "100", "missing_lines": 0, "excluded_lines": 0}, "missing_lines": [], "excluded_lines": []}, "": {"executed_lines": [1, 5, 6, 8, 9, 10, 12, 13, 16, 19, 27, 28, 30, 31, 32, 33, 34, 35, 36, 37, 38, 39, 40, 41, 42, 43, 44, 47, 48, 50, 51, 52, 53, 54, 55, 56, 57, 58, 59, 60, 61, 62, 65, 66, 68, 71, 91, 92, 119, 122, 151, 154, 191, 194, 236, 237, 256, 262, 290, 295], "summary": {"covered_lines": 56, "num_statements": 100, "percent_covered": 56.0, "percent_covered_display": "56", "missing_lines": 44, "excluded_lines": 0}, "missing_lines": [78, 79, 81, 82, 87, 88, 110, 111, 114, 115, 116, 135, 136, 137, 138, 142, 143, 144, 145, 146, 167, 169, 186, 187, 188, 210, 212, 228, 229, 230, 247, 248, 249, 250, 278, 279, 282, 283, 284, 311, 312, 315, 316, 317], "excluded_lines": []}}}, "app/presentation/api/priority_router.py": {"executed_lines": [1, 5, 6, 8, 9, 11, 14, 17, 24, 43, 44], "summary": {"covered_lines": 10, "num_statements": 20, "percent_covered": 50.0, "percent_covered_display": "50", "missing_lines": 10, "excluded_lines": 0}, "missing_lines": [31, 32, 34, 35, 40, 56, 57, 58, 59, 60], "excluded_lines": [], "functions": {"get_backlog_client": {"executed_lines": [], "summary": {"covered_lines": 0, "num_statements": 5, "percent_covered": 0.0, "percent_covered_display": "0", "missing_lines": 5, "excluded_lines": 0}, "missing_lines": [31, 32, 34, 35, 40], "excluded_lines": []}, "get_priorities": {"executed_lines": [], "summary": {"covered_lines": 0, "num_statements": 5, "percent_covered": 0.0, "percent_covered_display": "0", "missing_lines": 5, "excluded_lines": 0}, "missing_lines": [56, 57, 58, 59, 60], "excluded_lines": []}, "": {"executed_lines": [1, 5, 6, 8, 9, 11, 14, 17, 24, 43, 44], "summary": {"covered_lines": 10, "num_statements": 10, "percent_covered": 100.0, "percent_covered_display": "100", "missing_lines": 0, "excluded_lines": 0}, "missing_lines": [], "excluded_lines": []}}, "classes": {"": {"executed_lines": [1, 5, 6, 8, 9, 11, 14, 17, 24, 43, 44], "summary": {"covered_lines": 10, "num_statements": 20, "percent_covered": 50.0, "percent_covered_display": "50", "missing_lines": 10, "excluded_lines": 0}, "missing_lines": [31, 32, 34, 35, 40, 56, 57, 58, 59, 60], "excluded_lines": []}}}, "app/presentation/api/project_router.py": {"executed_lines": [1, 5, 6, 8, 9, 11, 12, 15, 18, 25, 45, 46, 65, 66, 94, 99, 122, 127, 150, 155, 178, 183, 206, 211], "summary": {"covered_lines": 23, "num_statements": 68, "percent_covered": 33.8235294117647, "percent_covered_display": "34", "missing_lines": 45, "excluded_lines": 0}, "missing_lines": [32, 33, 35, 36, 41, 42, 58, 59, 60, 61, 62, 79, 80, 81, 82, 85, 86, 87, 88, 89, 112, 113, 114, 115, 116, 140, 141, 142, 143, 144, 168, 169, 170, 171, 172, 196, 197, 198, 199, 200, 224, 225, 226, 227, 228], "excluded_lines": [], "functions": {"get_project_service": {"executed_lines": [], "summary": {"covered_lines": 0, "num_statements": 6, "percent_covered": 0.0, "percent_covered_display": "0", "missing_lines": 6, "excluded_lines": 0}, "missing_lines": [32, 33, 35, 36, 41, 42], "excluded_lines": []}, "get_projects": {"executed_lines": [], "summary": {"covered_lines": 0, "num_statements": 5, "percent_covered": 0.0, "percent_covered_display": "0", "missing_lines": 5, "excluded_lines": 0}, "missing_lines": [58, 59, 60, 61, 62], "excluded_lines": []}, "get_project": {"executed_lines": [], "summary": {"covered_lines": 0, "num_statements": 9, "percent_covered": 0.0, "percent_covered_display": "0", "missing_lines": 9, "excluded_lines": 0}, "missing_lines": [79, 80, 81, 82, 85, 86, 87, 88, 89], "excluded_lines": []}, "get_project_statuses": {"executed_lines": [], "summary": {"covered_lines": 0, "num_statements": 5, "percent_covered": 0.0, "percent_covered_display": "0", "missing_lines": 5, "excluded_lines": 0}, "missing_lines": [112, 113, 114, 115, 116], "excluded_lines": []}, "get_project_issue_types": {"executed_lines": [], "summary": {"covered_lines": 0, "num_statements": 5, "percent_covered": 0.0, "percent_covered_display": "0", "missing_lines": 5, "excluded_lines": 0}, "missing_lines": [140, 141, 142, 143, 144], "excluded_lines": []}, "get_project_categories": {"executed_lines": [], "summary": {"covered_lines": 0, "num_statements": 5, "percent_covered": 0.0, "percent_covered_display": "0", "missing_lines": 5, "excluded_lines": 0}, "missing_lines": [168, 169, 170, 171, 172], "excluded_lines": []}, "get_project_milestones": {"executed_lines": [], "summary": {"covered_lines": 0, "num_statements": 5, "percent_covered": 0.0, "percent_covered_display": "0", "missing_lines": 5, "excluded_lines": 0}, "missing_lines": [196, 197, 198, 199, 200], "excluded_lines": []}, "get_project_versions": {"executed_lines": [], "summary": {"covered_lines": 0, "num_statements": 5, "percent_covered": 0.0, "percent_covered_display": "0", "missing_lines": 5, "excluded_lines": 0}, "missing_lines": [224, 225, 226, 227, 228], "excluded_lines": []}, "": {"executed_lines": [1, 5, 6, 8, 9, 11, 12, 15, 18, 25, 45, 46, 65, 66, 94, 99, 122, 127, 150, 155, 178, 183, 206, 211], "summary": {"covered_lines": 23, "num_statements": 23, "percent_covered": 100.0, "percent_covered_display": "100", "missing_lines": 0, "excluded_lines": 0}, "missing_lines": [], "excluded_lines": []}}, "classes": {"": {"executed_lines": [1, 5, 6, 8, 9, 11, 12, 15, 18, 25, 45, 46, 65, 66, 94, 99, 122, 127, 150, 155, 178, 183, 206, 211], "summary": {"covered_lines": 23, "num_statements": 68, "percent_covered": 33.8235294117647, "percent_covered_display": "34", "missing_lines": 45, "excluded_lines": 0}, "missing_lines": [32, 33, 35, 36, 41, 42, 58, 59, 60, 61, 62, 79, 80, 81, 82, 85, 86, 87, 88, 89, 112, 113, 114, 115, 116, 140, 141, 142, 143, 144, 168, 169, 170, 171, 172, 196, 197, 198, 199, 200, 224, 225, 226, 227, 228], "excluded_lines": []}}}, "app/presentation/api/user_router.py": {"executed_lines": [1, 5, 6, 8, 9, 11, 14, 17, 24, 43, 44], "summary": {"covered_lines": 10, "num_statements": 20, "percent_covered": 50.0, "percent_covered_display": "50", "missing_lines": 10, "excluded_lines": 0}, "missing_lines": [31, 32, 34, 35, 40, 56, 57, 58, 59, 60], "excluded_lines": [], "functions": {"get_backlog_client": {"executed_lines": [], "summary": {"covered_lines": 0, "num_statements": 5, "percent_covered": 0.0, "percent_covered_display": "0", "missing_lines": 5, "excluded_lines": 0}, "missing_lines": [31, 32, 34, 35, 40], "excluded_lines": []}, "get_users": {"executed_lines": [], "summary": {"covered_lines": 0, "num_statements": 5, "percent_covered": 0.0, "percent_covered_display": "0", "missing_lines": 5, "excluded_lines": 0}, "missing_lines": [56, 57, 58, 59, 60], "excluded_lines": []}, "": {"executed_lines": [1, 5, 6, 8, 9, 11, 14, 17, 24, 43, 44], "summary": {"covered_lines": 10, "num_statements": 10, "percent_covered": 100.0, "percent_covered_display": "100", "missing_lines": 0, "excluded_lines": 0}, "missing_lines": [], "excluded_lines": []}}, "classes": {"": {"executed_lines": [1, 5, 6, 8, 9, 11, 14, 17, 24, 43, 44], "summary": {"covered_lines": 10, "num_statements": 20, "percent_covered": 50.0, "percent_covered_display": "50", "missing_lines": 10, "excluded_lines": 0}, "missing_lines": [31, 32, 34, 35, 40, 56, 57, 58, 59, 60], "excluded_lines": []}}}, "app/presentation/mcp/__init__.py": {"executed_lines": [], "summary": {"covered_lines": 0, "num_statements": 0, "percent_covered": 100.0, "percent_covered_display": "100", "missing_lines": 0, "excluded_lines": 0}, "missing_lines": [], "excluded_lines": [], "functions": {"": {"executed_lines": [], "summary": {"covered_lines": 0, "num_statements": 0, "percent_covered": 100.0, "percent_covered_display": "100", "missing_lines": 0, "excluded_lines": 0}, "missing_lines": [], "excluded_lines": []}}, "classes": {"": {"executed_lines": [], "summary": {"covered_lines": 0, "num_statements": 0, "percent_covered": 100.0, "percent_covered_display": "100", "missing_lines": 0, "excluded_lines": 0}, "missing_lines": [], "excluded_lines": []}}}, "app/presentation/mcp/bulk_operations_tools.py": {"executed_lines": [], "summary": {"covered_lines": 0, "num_statements": 71, "percent_covered": 0.0, "percent_covered_display": "0", "missing_lines": 71, "excluded_lines": 0}, "missing_lines": [5, 6, 8, 9, 11, 12, 15, 18, 25, 26, 28, 29, 33, 34, 38, 57, 69, 70, 72, 73, 74, 75, 77, 78, 82, 101, 113, 114, 116, 117, 118, 119, 121, 122, 128, 147, 159, 160, 162, 163, 164, 165, 167, 168, 174, 196, 208, 209, 211, 212, 213, 214, 216, 217, 223, 242, 254, 255, 257, 258, 259, 260, 262, 263, 269, 287, 298, 300, 301, 303, 304], "excluded_lines": [], "functions": {"get_bulk_operations_service": {"executed_lines": [], "summary": {"covered_lines": 0, "num_statements": 6, "percent_covered": 0.0, "percent_covered_display": "0", "missing_lines": 6, "excluded_lines": 0}, "missing_lines": [25, 26, 28, 29, 33, 34], "excluded_lines": []}, "bulk_update_status_handler": {"executed_lines": [], "summary": {"covered_lines": 0, "num_statements": 8, "percent_covered": 0.0, "percent_covered_display": "0", "missing_lines": 8, "excluded_lines": 0}, "missing_lines": [69, 70, 72, 73, 74, 75, 77, 78], "excluded_lines": []}, "bulk_update_assignee_handler": {"executed_lines": [], "summary": {"covered_lines": 0, "num_statements": 8, "percent_covered": 0.0, "percent_covered_display": "0", "missing_lines": 8, "excluded_lines": 0}, "missing_lines": [113, 114, 116, 117, 118, 119, 121, 122], "excluded_lines": []}, "bulk_update_priority_handler": {"executed_lines": [], "summary": {"covered_lines": 0, "num_statements": 8, "percent_covered": 0.0, "percent_covered_display": "0", "missing_lines": 8, "excluded_lines": 0}, "missing_lines": [159, 160, 162, 163, 164, 165, 167, 168], "excluded_lines": []}, "bulk_update_milestone_handler": {"executed_lines": [], "summary": {"covered_lines": 0, "num_statements": 8, "percent_covered": 0.0, "percent_covered_display": "0", "missing_lines": 8, "excluded_lines": 0}, "missing_lines": [208, 209, 211, 212, 213, 214, 216, 217], "excluded_lines": []}, "bulk_update_category_handler": {"executed_lines": [], "summary": {"covered_lines": 0, "num_statements": 8, "percent_covered": 0.0, "percent_covered_display": "0", "missing_lines": 8, "excluded_lines": 0}, "missing_lines": [254, 255, 257, 258, 259, 260, 262, 263], "excluded_lines": []}, "bulk_delete_issues_handler": {"executed_lines": [], "summary": {"covered_lines": 0, "num_statements": 5, "percent_covered": 0.0, "percent_covered_display": "0", "missing_lines": 5, "excluded_lines": 0}, "missing_lines": [298, 300, 301, 303, 304], "excluded_lines": []}, "": {"executed_lines": [], "summary": {"covered_lines": 0, "num_statements": 20, "percent_covered": 0.0, "percent_covered_display": "0", "missing_lines": 20, "excluded_lines": 0}, "missing_lines": [5, 6, 8, 9, 11, 12, 15, 18, 38, 57, 82, 101, 128, 147, 174, 196, 223, 242, 269, 287], "excluded_lines": []}}, "classes": {"": {"executed_lines": [], "summary": {"covered_lines": 0, "num_statements": 71, "percent_covered": 0.0, "percent_covered_display": "0", "missing_lines": 71, "excluded_lines": 0}, "missing_lines": [5, 6, 8, 9, 11, 12, 15, 18, 25, 26, 28, 29, 33, 34, 38, 57, 69, 70, 72, 73, 74, 75, 77, 78, 82, 101, 113, 114, 116, 117, 118, 119, 121, 122, 128, 147, 159, 160, 162, 163, 164, 165, 167, 168, 174, 196, 208, 209, 211, 212, 213, 214, 216, 217, 223, 242, 254, 255, 257, 258, 259, 260, 262, 263, 269, 287, 298, 300, 301, 303, 304], "excluded_lines": []}}}, "app/presentation/mcp/issue_tools.py": {"executed_lines": [], "summary": {"covered_lines": 0, "num_statements": 114, "percent_covered": 0.0, "percent_covered_display": "0", "missing_lines": 114, "excluded_lines": 0}, "missing_lines": [5, 6, 8, 9, 11, 12, 15, 18, 25, 26, 28, 29, 33, 34, 38, 62, 75, 76, 77, 79, 80, 84, 98, 109, 110, 111, 113, 114, 116, 117, 119, 123, 175, 200, 201, 202, 203, 204, 205, 206, 207, 208, 209, 210, 211, 212, 213, 214, 216, 217, 219, 220, 240, 291, 315, 316, 317, 319, 320, 321, 322, 323, 324, 325, 326, 327, 328, 329, 330, 331, 333, 334, 353, 367, 378, 379, 380, 382, 383, 387, 405, 417, 418, 420, 421, 423, 424, 428, 452, 464, 465, 467, 468, 470, 471, 477, 491, 502, 504, 505, 508, 509, 511, 512, 516, 517, 518, 522, 530, 537, 538, 539, 540, 541], "excluded_lines": [], "functions": {"get_issue_service": {"executed_lines": [], "summary": {"covered_lines": 0, "num_statements": 6, "percent_covered": 0.0, "percent_covered_display": "0", "missing_lines": 6, "excluded_lines": 0}, "missing_lines": [25, 26, 28, 29, 33, 34], "excluded_lines": []}, "get_issues_handler": {"executed_lines": [], "summary": {"covered_lines": 0, "num_statements": 5, "percent_covered": 0.0, "percent_covered_display": "0", "missing_lines": 5, "excluded_lines": 0}, "missing_lines": [75, 76, 77, 79, 80], "excluded_lines": []}, "get_issue_handler": {"executed_lines": [], "summary": {"covered_lines": 0, "num_statements": 8, "percent_covered": 0.0, "percent_covered_display": "0", "missing_lines": 8, "excluded_lines": 0}, "missing_lines": [109, 110, 111, 113, 114, 116, 117, 119], "excluded_lines": []}, "create_issue_handler": {"executed_lines": [], "summary": {"covered_lines": 0, "num_statements": 19, "percent_covered": 0.0, "percent_covered_display": "0", "missing_lines": 19, "excluded_lines": 0}, "missing_lines": [200, 201, 202, 203, 204, 205, 206, 207, 208, 209, 210, 211, 212, 213, 214, 216, 217, 219, 220], "excluded_lines": []}, "update_issue_handler": {"executed_lines": [], "summary": {"covered_lines": 0, "num_statements": 18, "percent_covered": 0.0, "percent_covered_display": "0", "missing_lines": 18, "excluded_lines": 0}, "missing_lines": [315, 316, 317, 319, 320, 321, 322, 323, 324, 325, 326, 327, 328, 329, 330, 331, 333, 334], "excluded_lines": []}, "delete_issue_handler": {"executed_lines": [], "summary": {"covered_lines": 0, "num_statements": 5, "percent_covered": 0.0, "percent_covered_display": "0", "missing_lines": 5, "excluded_lines": 0}, "missing_lines": [378, 379, 380, 382, 383], "excluded_lines": []}, "add_comment_handler": {"executed_lines": [], "summary": {"covered_lines": 0, "num_statements": 6, "percent_covered": 0.0, "percent_covered_display": "0", "missing_lines": 6, "excluded_lines": 0}, "missing_lines": [417, 418, 420, 421, 423, 424], "excluded_lines": []}, "get_issue_comments_handler": {"executed_lines": [], "summary": {"covered_lines": 0, "num_statements": 6, "percent_covered": 0.0, "percent_covered_display": "0", "missing_lines": 6, "excluded_lines": 0}, "missing_lines": [464, 465, 467, 468, 470, 471], "excluded_lines": []}, "get_issue_types_handler": {"executed_lines": [], "summary": {"covered_lines": 0, "num_statements": 10, "percent_covered": 0.0, "percent_covered_display": "0", "missing_lines": 10, "excluded_lines": 0}, "missing_lines": [502, 504, 505, 508, 509, 511, 512, 516, 517, 518], "excluded_lines": []}, "issues_resource_handler": {"executed_lines": [], "summary": {"covered_lines": 0, "num_statements": 5, "percent_covered": 0.0, "percent_covered_display": "0", "missing_lines": 5, "excluded_lines": 0}, "missing_lines": [537, 538, 539, 540, 541], "excluded_lines": []}, "": {"executed_lines": [], "summary": {"covered_lines": 0, "num_statements": 26, "percent_covered": 0.0, "percent_covered_display": "0", "missing_lines": 26, "excluded_lines": 0}, "missing_lines": [5, 6, 8, 9, 11, 12, 15, 18, 38, 62, 84, 98, 123, 175, 240, 291, 353, 367, 387, 405, 428, 452, 477, 491, 522, 530], "excluded_lines": []}}, "classes": {"": {"executed_lines": [], "summary": {"covered_lines": 0, "num_statements": 114, "percent_covered": 0.0, "percent_covered_display": "0", "missing_lines": 114, "excluded_lines": 0}, "missing_lines": [5, 6, 8, 9, 11, 12, 15, 18, 25, 26, 28, 29, 33, 34, 38, 62, 75, 76, 77, 79, 80, 84, 98, 109, 110, 111, 113, 114, 116, 117, 119, 123, 175, 200, 201, 202, 203, 204, 205, 206, 207, 208, 209, 210, 211, 212, 213, 214, 216, 217, 219, 220, 240, 291, 315, 316, 317, 319, 320, 321, 322, 323, 324, 325, 326, 327, 328, 329, 330, 331, 333, 334, 353, 367, 378, 379, 380, 382, 383, 387, 405, 417, 418, 420, 421, 423, 424, 428, 452, 464, 465, 467, 468, 470, 471, 477, 491, 502, 504, 505, 508, 509, 511, 512, 516, 517, 518, 522, 530, 537, 538, 539, 540, 541], "excluded_lines": []}}}, "app/presentation/mcp/project_tools.py": {"executed_lines": [], "summary": {"covered_lines": 0, "num_statements": 32, "percent_covered": 0.0, "percent_covered_display": "0", "missing_lines": 32, "excluded_lines": 0}, "missing_lines": [5, 6, 8, 9, 11, 12, 15, 18, 25, 26, 28, 29, 33, 34, 38, 46, 56, 57, 61, 75, 86, 87, 88, 90, 91, 93, 94, 96, 100, 108, 115, 116], "excluded_lines": [], "functions": {"get_project_service": {"executed_lines": [], "summary": {"covered_lines": 0, "num_statements": 6, "percent_covered": 0.0, "percent_covered_display": "0", "missing_lines": 6, "excluded_lines": 0}, "missing_lines": [25, 26, 28, 29, 33, 34], "excluded_lines": []}, "get_projects_handler": {"executed_lines": [], "summary": {"covered_lines": 0, "num_statements": 2, "percent_covered": 0.0, "percent_covered_display": "0", "missing_lines": 2, "excluded_lines": 0}, "missing_lines": [56, 57], "excluded_lines": []}, "get_project_handler": {"executed_lines": [], "summary": {"covered_lines": 0, "num_statements": 8, "percent_covered": 0.0, "percent_covered_display": "0", "missing_lines": 8, "excluded_lines": 0}, "missing_lines": [86, 87, 88, 90, 91, 93, 94, 96], "excluded_lines": []}, "projects_resource_handler": {"executed_lines": [], "summary": {"covered_lines": 0, "num_statements": 2, "percent_covered": 0.0, "percent_covered_display": "0", "missing_lines": 2, "excluded_lines": 0}, "missing_lines": [115, 116], "excluded_lines": []}, "": {"executed_lines": [], "summary": {"covered_lines": 0, "num_statements": 14, "percent_covered": 0.0, "percent_covered_display": "0", "missing_lines": 14, "excluded_lines": 0}, "missing_lines": [5, 6, 8, 9, 11, 12, 15, 18, 38, 46, 61, 75, 100, 108], "excluded_lines": []}}, "classes": {"": {"executed_lines": [], "summary": {"covered_lines": 0, "num_statements": 32, "percent_covered": 0.0, "percent_covered_display": "0", "missing_lines": 32, "excluded_lines": 0}, "missing_lines": [5, 6, 8, 9, 11, 12, 15, 18, 25, 26, 28, 29, 33, 34, 38, 46, 56, 57, 61, 75, 86, 87, 88, 90, 91, 93, 94, 96, 100, 108, 115, 116], "excluded_lines": []}}}}, "totals": {"covered_lines": 454, "num_statements": 1470, "percent_covered": 30.8843537414966, "percent_covered_display": "31", "missing_lines": 1016, "excluded_lines": 0}}